\BOOKMARK [0][-]{chapter*.5}{\376\377\000I\000n\000t\000r\000o\000d\000u\000c\000t\000i\000o\000n}{}% 1
\BOOKMARK [1][-]{section*.6}{\376\377\000Q\000u\000a\000n\000t\000i\000t\000i\000e\000s}{chapter*.5}% 2
\BOOKMARK [1][-]{section*.12}{\376\377\000C\000o\000n\000s\000t\000a\000n\000t\000s}{chapter*.5}% 3
\BOOKMARK [1][-]{section*.13}{\376\377\000S\000e\000t\000s\000,\000\040\000S\000e\000q\000u\000e\000n\000c\000e\000s\000\040\000\046\000\040\000S\000e\000r\000i\000e\000s}{chapter*.5}% 4
\BOOKMARK [1][-]{section*.14}{\376\377\000D\000i\000f\000f\000e\000r\000e\000n\000c\000e}{chapter*.5}% 5
\BOOKMARK [1][-]{section*.15}{\376\377\000A\000c\000c\000u\000m\000u\000l\000a\000t\000i\000o\000n}{chapter*.5}% 6
\BOOKMARK [1][-]{section*.16}{\376\377\000F\000u\000n\000c\000t\000i\000o\000n\000s}{chapter*.5}% 7
\BOOKMARK [1][-]{section*.20}{\376\377\000S\000c\000a\000l\000a\000r\000s\000\040\000a\000n\000d\000\040\000V\000e\000c\000t\000o\000r\000s}{chapter*.5}% 8
\BOOKMARK [1][-]{section*.21}{\376\377\000S\000p\000a\000t\000i\000a\000l\000\040\000C\000o\000o\000r\000d\000i\000n\000a\000t\000e\000\040\000S\000y\000s\000t\000e\000m\000s}{chapter*.5}% 9
\BOOKMARK [1][-]{section*.27}{\376\377\000V\000e\000c\000t\000o\000r\000\040\000O\000p\000e\000r\000a\000t\000i\000o\000n\000s}{chapter*.5}% 10
\BOOKMARK [0][-]{chapter*.32}{\376\377\000T\000r\000a\000n\000s\000l\000a\000t\000i\000o\000n\000a\000l\000\040\000K\000i\000n\000e\000m\000a\000t\000i\000c\000s}{}% 11
\BOOKMARK [1][-]{section*.33}{\376\377\000T\000r\000a\000n\000s\000l\000a\000t\000i\000o\000n\000a\000l\000\040\000M\000o\000t\000i\000o\000n\000\040\000i\000n\000\040\000S\000p\000a\000c\000e\000\040\000a\000n\000d\000\040\000T\000i\000m\000e}{chapter*.32}% 12
\BOOKMARK [1][-]{section*.40}{\376\377\000K\000i\000n\000e\000m\000a\000t\000i\000c\000\040\000D\000i\000f\000f\000e\000r\000e\000n\000c\000e\000:\000\040\000S\000l\000o\000p\000e\000\040\000a\000n\000d\000\040\000C\000u\000r\000v\000a\000t\000u\000r\000e}{chapter*.32}% 13
\BOOKMARK [1][-]{section*.43}{\376\377\000K\000i\000n\000e\000m\000a\000t\000i\000c\000\040\000A\000c\000c\000u\000m\000u\000l\000a\000t\000i\000o\000n\000:\000\040\000A\000r\000e\000a\000\040\000U\000n\000d\000e\000r\000\040\000C\000u\000r\000v\000e}{chapter*.32}% 14
\BOOKMARK [1][-]{section*.47}{\376\377\000S\000i\000m\000p\000l\000e\000\040\0001\000-\000D\000\040\000M\000o\000t\000i\000o\000n}{chapter*.32}% 15
\BOOKMARK [1][-]{section*.56}{\376\377\0002\000-\000D\000\040\000C\000o\000n\000s\000t\000a\000n\000t\000\040\000V\000e\000l\000o\000c\000i\000t\000y}{chapter*.32}% 16
\BOOKMARK [1][-]{section*.57}{\376\377\000P\000r\000o\000j\000e\000c\000t\000i\000l\000e\000\040\000M\000o\000t\000i\000o\000n}{chapter*.32}% 17
\BOOKMARK [1][-]{section*.59}{\376\377\000R\000e\000l\000a\000t\000i\000v\000e\000\040\000P\000o\000s\000i\000t\000i\000o\000n\000\040\000a\000n\000d\000\040\000V\000e\000l\000o\000c\000i\000t\000y}{chapter*.32}% 18
\BOOKMARK [0][-]{chapter*.60}{\376\377\000R\000o\000t\000a\000t\000i\000o\000n\000a\000l\000\040\000K\000i\000n\000e\000m\000a\000t\000i\000c\000s}{}% 19
\BOOKMARK [1][-]{section*.61}{\376\377\000P\000u\000r\000e\000\040\000R\000o\000t\000a\000t\000i\000o\000n}{chapter*.60}% 20
\BOOKMARK [1][-]{section*.68}{\376\377\000A\000n\000g\000u\000l\000a\000r\000\040\000a\000n\000d\000\040\000R\000a\000d\000i\000a\000l\000\040\000M\000o\000t\000i\000o\000n\000\040\000i\000n\000\040\000P\000o\000l\000a\000r\000\040\000C\000o\000o\000r\000d\000i\000n\000a\000t\000e\000s}{chapter*.60}% 21
\BOOKMARK [1][-]{section*.81}{\376\377\000C\000i\000r\000c\000u\000l\000a\000r\000\040\000M\000o\000t\000i\000o\000n}{chapter*.60}% 22
\BOOKMARK [0][-]{chapter*.83}{\376\377\000F\000o\000r\000c\000e\000s\000\040\000a\000n\000d\000\040\000F\000r\000a\000m\000e\000s}{}% 23
\BOOKMARK [1][-]{section*.84}{\376\377\000P\000r\000i\000n\000c\000i\000p\000i\000a}{chapter*.83}% 24
\BOOKMARK [1][-]{section*.85}{\376\377\000N\000e\000w\000t\000o\000n\000'\000s\000\040\000F\000i\000r\000s\000t\000\040\000L\000a\000w}{chapter*.83}% 25
\BOOKMARK [1][-]{section*.88}{\376\377\000N\000e\000w\000t\000o\000n\000'\000s\000\040\000S\000e\000c\000o\000n\000d\000\040\000L\000a\000w}{chapter*.83}% 26
\BOOKMARK [1][-]{section*.89}{\376\377\000N\000e\000w\000t\000o\000n\000'\000s\000\040\000T\000h\000i\000r\000d\000\040\000L\000a\000w}{chapter*.83}% 27
\BOOKMARK [1][-]{section*.90}{\376\377\000F\000o\000r\000c\000e\000s}{chapter*.83}% 28
\BOOKMARK [1][-]{section*.93}{\376\377\000F\000r\000e\000e\000\040\000B\000o\000d\000y\000\040\000D\000i\000a\000g\000r\000a\000m\000s}{chapter*.83}% 29
\BOOKMARK [1][-]{section*.94}{\376\377\000W\000e\000i\000g\000h\000t}{chapter*.83}% 30
\BOOKMARK [1][-]{section*.95}{\376\377\000C\000o\000n\000s\000t\000a\000n\000t\000\040\000W\000e\000i\000g\000h\000t\000\040\000a\000n\000d\000\040\000A\000c\000c\000e\000l\000e\000r\000a\000t\000i\000o\000n}{chapter*.83}% 31
\BOOKMARK [1][-]{section*.96}{\376\377\000N\000o\000r\000m\000a\000l\000\040\000F\000o\000r\000c\000e}{chapter*.83}% 32
\BOOKMARK [1][-]{section*.97}{\376\377\000T\000e\000n\000s\000i\000o\000n\000\040\000F\000o\000r\000c\000e}{chapter*.83}% 33
\BOOKMARK [1][-]{section*.98}{\376\377\000F\000r\000i\000c\000t\000i\000o\000n\000\040\000F\000o\000r\000c\000e\000s}{chapter*.83}% 34
\BOOKMARK [1][-]{section*.101}{\376\377\000S\000i\000t\000t\000i\000n\000g\000\040\000U\000n\000d\000e\000r\000\040\000G\000r\000a\000v\000i\000t\000y}{chapter*.83}% 35
\BOOKMARK [1][-]{section*.102}{\376\377\000H\000a\000n\000g\000i\000n\000g\000\040\000U\000n\000d\000e\000r\000\040\000G\000r\000a\000v\000i\000t\000y\000\040\000a\000n\000d\000\040\000H\000o\000r\000i\000z\000o\000n\000t\000a\000l\000\040\000A\000c\000c\000e\000l\000e\000r\000a\000t\000i\000o\000n}{chapter*.83}% 36
\BOOKMARK [1][-]{section*.103}{\376\377\000I\000n\000c\000l\000i\000n\000e\000d\000\040\000P\000l\000a\000n\000e\000\040\000w\000i\000t\000h\000\040\000F\000r\000i\000c\000t\000i\000o\000n}{chapter*.83}% 37
\BOOKMARK [1][-]{section*.104}{\376\377\000A\000t\000w\000o\000o\000d\000'\000s\000\040\000M\000a\000c\000h\000i\000n\000e}{chapter*.83}% 38
\BOOKMARK [1][-]{section*.105}{\376\377\000C\000i\000r\000c\000u\000l\000a\000r\000\040\000M\000o\000t\000i\000o\000n}{chapter*.83}% 39
\BOOKMARK [1][-]{section*.106}{\376\377\000N\000o\000n\000-\000I\000n\000e\000r\000t\000i\000a\000l\000\040\000F\000r\000a\000m\000e\000s}{chapter*.83}% 40
\BOOKMARK [1][-]{section*.107}{\376\377\000A\000c\000c\000e\000l\000e\000r\000o\000m\000e\000t\000e\000r\000s}{chapter*.83}% 41
\BOOKMARK [1][-]{section*.108}{\376\377\000U\000n\000i\000v\000e\000r\000s\000a\000l\000\040\000G\000r\000a\000v\000i\000t\000a\000t\000i\000o\000n\000a\000l\000\040\000F\000o\000r\000c\000e}{chapter*.83}% 42
\BOOKMARK [1][-]{section*.109}{\376\377\000S\000p\000r\000i\000n\000g\000\040\000F\000o\000r\000c\000e}{chapter*.83}% 43
\BOOKMARK [1][-]{section*.110}{\376\377\000T\000i\000m\000e\000\040\000D\000e\000p\000e\000n\000d\000e\000n\000t\000\040\000F\000o\000r\000c\000e\000s}{chapter*.83}% 44
\BOOKMARK [1][-]{section*.111}{\376\377\000S\000p\000a\000c\000e\000\040\000D\000e\000p\000e\000n\000d\000e\000n\000t\000\040\000F\000o\000r\000c\000e\000s}{chapter*.83}% 45
\BOOKMARK [1][-]{section*.112}{\376\377\000V\000e\000l\000o\000c\000i\000t\000y\000\040\000D\000e\000p\000e\000n\000d\000e\000n\000t\000\040\000F\000o\000r\000c\000e\000s}{chapter*.83}% 46
